============================= test session starts =============================
platform win32 -- Python 3.12.2, pytest-9.0.2, pluggy-1.6.0 -- C:\Python312\python.exe
cachedir: .pytest_cache
rootdir: C:\Users\Artur\wsplumber
configfile: pyproject.toml
plugins: anyio-4.12.0
collecting ... collected 3 items / 1 error

=================================== ERRORS ====================================
____________ ERROR collecting tests/unit/test_cycle_accounting.py _____________
ImportError while importing test module 'C:\Users\Artur\wsplumber\tests\unit\test_cycle_accounting.py'.
Hint: make sure your test modules/packages have valid Python names.
Traceback:
C:\Python312\Lib\site-packages\_pytest\python.py:507: in importtestmodule
    mod = import_path(
C:\Python312\Lib\site-packages\_pytest\pathlib.py:587: in import_path
    importlib.import_module(module_name)
C:\Python312\Lib\importlib\__init__.py:90: in import_module
    return _bootstrap._gcd_import(name[level:], package, level)
           ^^^^^^^^^^^^^^^^^^^^^^^^^^^^^^^^^^^^^^^^^^^^^^^^^^^^
<frozen importlib._bootstrap>:1387: in _gcd_import
    ???
<frozen importlib._bootstrap>:1360: in _find_and_load
    ???
<frozen importlib._bootstrap>:1331: in _find_and_load_unlocked
    ???
<frozen importlib._bootstrap>:935: in _load_unlocked
    ???
C:\Python312\Lib\site-packages\_pytest\assertion\rewrite.py:197: in exec_module
    exec(co, module.__dict__)
tests\unit\test_cycle_accounting.py:5: in <module>
    from wsplumber.domain.entities.enums import CycleType
E   ModuleNotFoundError: No module named 'wsplumber.domain.entities.enums'
============================== warnings summary ===============================
..\..\..\Python312\Lib\site-packages\_pytest\config\__init__.py:1428
  C:\Python312\Lib\site-packages\_pytest\config\__init__.py:1428: PytestConfigWarning: Unknown config option: asyncio_mode
  
    self._warn_or_fail_if_strict(f"Unknown config option: {key}\n")

-- Docs: https://docs.pytest.org/en/stable/how-to/capture-warnings.html
=========================== short test summary info ===========================
ERROR tests/unit/test_cycle_accounting.py
!!!!!!!!!!!!!!!!!!! Interrupted: 1 error during collection !!!!!!!!!!!!!!!!!!!!
========================= 1 warning, 1 error in 0.48s =========================
